[2022-09-07T07:07:54.821590+00:00] blog.NOTICE: Route not found: POST /post/create [] []
[2022-09-07T07:08:28.213320+00:00] blog.NOTICE: Route not found: POST /post/create [] []
[2022-09-07T07:14:39.719187+00:00] blog.NOTICE: Route not found: POST /post/create [] []
[2022-09-07T07:15:09.791601+00:00] blog.NOTICE: Route not found: POST /post/create [] []
[2022-09-07T07:15:25.138748+00:00] blog.NOTICE: Route not found: POST /post/create [] []
[2022-09-07T07:16:01.092742+00:00] blog.NOTICE: Route not found: POST /post/create [] []
[2022-09-07T07:16:28.962205+00:00] blog.INFO: Post created: 66f950fc-33d4-42a0-8cbd-e3660ab1b345 [] []
[2022-09-08T16:23:46.901503+00:00] blog.WARNING: User with username user1234 not found [] []
[2022-09-08T16:23:46.906875+00:00] blog.INFO: Create user command started [] []
[2022-09-08T16:23:46.911362+00:00] blog.INFO: User created: b62f6ecc-3188-4c5c-9984-82a4e826d254 [] []
[2022-09-08T16:35:55.095544+00:00] blog.NOTICE: Route not found: POST /post/create [] []
[2022-09-08T16:37:06.416877+00:00] blog.INFO: Create post command started [] []
[2022-09-08T16:37:06.423306+00:00] blog.INFO: Post created with UUID: 3b26f42a-3d13-4b91-9ee6-8dc297d1825b [] []
[2022-09-08T16:41:53.076401+00:00] blog.WARNING: User with username user234 not found [] []
[2022-09-08T16:42:27.004730+00:00] blog.WARNING: User with username user234 not found [] []
[2022-09-08T16:42:27.008336+00:00] blog.INFO: Create user command started [] []
[2022-09-08T16:42:27.013615+00:00] blog.INFO: User created: fe1aaa6b-fc4d-48d1-b778-d91e85c24815 [] []
[2022-09-08T16:43:16.098221+00:00] blog.INFO: Create post command started [] []
[2022-09-08T16:43:16.103509+00:00] blog.INFO: Post created with UUID: 7e88219e-0beb-4795-ac83-4167be2be27b [] []
[2022-09-08T16:54:16.028447+00:00] blog.WARNING: User with username user1 not found [] []
[2022-09-08T16:54:16.032091+00:00] blog.INFO: Create user command started [] []
[2022-09-08T16:59:19.315552+00:00] blog.WARNING: User with username user1 not found [] []
[2022-09-08T16:59:34.147441+00:00] blog.WARNING: User with username user1 not found [] []
[2022-09-08T16:59:34.151095+00:00] blog.INFO: Create user command started [] []
[2022-09-08T16:59:34.157020+00:00] blog.INFO: User created: f6f86f2d-ea17-4079-bad9-521decf9c57d [] []
[2022-09-08T17:49:20.376072+00:00] blog.WARNING: User with username user3 not found [] []
[2022-09-08T17:49:20.379716+00:00] blog.INFO: Create user command started [] []
[2022-09-08T17:49:20.383304+00:00] blog.INFO: User created: a8d24ebd-7465-445a-9e6e-275a00546360 [] []
[2022-09-08T17:49:27.232344+00:00] blog.WARNING: User with username user4 not found [] []
[2022-09-08T17:49:27.235986+00:00] blog.INFO: Create user command started [] []
[2022-09-08T17:49:27.240754+00:00] blog.INFO: User created: 774872b8-dcb3-4a68-9fff-efa6dcb42c75 [] []
[2022-09-08T18:03:02.103079+00:00] blog.WARNING: User with username user3 not found [] []
[2022-09-08T18:03:02.106702+00:00] blog.INFO: Create user command started [] []
[2022-09-08T18:03:02.110556+00:00] blog.INFO: User created: 718b53d3-e589-414e-bb11-4f8482fe7cdc [] []
[2022-09-08T18:03:07.847596+00:00] blog.WARNING: User with username user4 not found [] []
[2022-09-08T18:03:07.851184+00:00] blog.INFO: Create user command started [] []
[2022-09-08T18:03:07.855130+00:00] blog.INFO: User created: 36a5f3de-1556-40cb-9de8-425cb520f72a [] []
[2022-09-08T18:03:27.417831+00:00] blog.INFO: Create post command started [] []
[2022-09-08T18:03:27.422859+00:00] blog.INFO: Post created with UUID: 72309278-55bc-4b7d-8749-62a3a81079ab [] []
[2022-09-08T18:03:37.914641+00:00] blog.INFO: Create post command started [] []
[2022-09-08T18:03:37.919006+00:00] blog.INFO: Post created with UUID: 3f5904e1-7ab8-470e-9d76-960e6ef48416 [] []
[2022-09-11T15:13:33.725775+00:00] blog.INFO: Create post command started [] []
[2022-09-11T15:13:33.731769+00:00] blog.INFO: Post created with UUID: 3dd9b148-31ea-4dba-9991-3666478f93f1 [] []
[2022-09-12T05:19:53.453968+00:00] blog.INFO: Create like command started [] []
[2022-09-12T05:19:53.490544+00:00] blog.INFO: Like created with UUID: d349aa7f-5933-48ea-bc36-f23999eff89a [] []
[2022-09-13T19:01:55.494455+05:00] blog.INFO: Create post command started [] []
[2022-09-13T19:01:55.499374+05:00] blog.INFO: Post created with UUID: 33eabeda-67b1-4cbd-a3dd-883c2eccfe7b [] []
[2022-09-14T08:13:12.956696+05:00] blog.WARNING: User with username user1234567 not found [] []
[2022-09-14T08:14:27.572620+05:00] blog.WARNING: User with username user1234567 not found [] []
[2022-09-14T08:14:27.578589+05:00] blog.INFO: Create user command started [] []
[2022-09-14T08:14:27.582911+05:00] blog.INFO: User created: ed4106b9-d4e8-4c57-be88-729d15cc4e4e [] []
[2022-09-14T08:19:05.070358+05:00] blog.INFO: Delete post command started [] []
[2022-09-14T08:19:05.075705+05:00] blog.INFO: Post deleted: 33eabeda-67b1-4cbd-a3dd-883c2eccfe7b [] []
[2022-09-14T08:19:27.606248+05:00] blog.INFO: Delete post command started [] []
[2022-09-14T08:19:27.608319+05:00] blog.INFO: Post deleted: 33eabeda-67b1-4cbd-a3dd-883c2eccfe7b [] []
[2022-09-14T08:19:44.182757+05:00] blog.WARNING: Post not found with UUID: 33eabeda-67b1-4cbd-a3dd-883c2eccfe7b [] []
[2022-09-14T08:21:32.197705+05:00] blog.INFO: Create user command started [] []
[2022-09-14T08:21:32.199380+05:00] blog.INFO: User created: ed4106b9-d4e8-4c57-be88-729d15cc4e4e [] []
[2022-09-14T08:22:50.229524+05:00] blog.INFO: Create user command started [] []
[2022-09-14T08:22:50.231224+05:00] blog.INFO: User created: ed4106b9-d4e8-4c57-be88-729d15cc4e4e [] []
[2022-09-14T08:24:50.342161+05:00] blog.INFO: Create user command started [] []
[2022-09-14T08:24:50.343924+05:00] blog.INFO: User created: ed4106b9-d4e8-4c57-be88-729d15cc4e4e [] []
[2022-09-14T08:26:27.550084+05:00] blog.INFO: Create user command started [] []
[2022-09-14T08:26:27.551764+05:00] blog.INFO: User created: ed4106b9-d4e8-4c57-be88-729d15cc4e4e [] []
[2022-09-14T08:26:37.461532+05:00] blog.INFO: Create user command started [] []
[2022-09-14T08:26:37.463193+05:00] blog.INFO: User created: ed4106b9-d4e8-4c57-be88-729d15cc4e4e [] []
[2022-09-14T08:27:03.333949+05:00] blog.INFO: Create user command started [] []
[2022-09-14T08:27:03.335628+05:00] blog.INFO: User created: 36a5f3de-1556-40cb-9de8-425cb520f72a [] []
